21,29c21,27
< 
<   0 1 2 3 4 5 6  
< 0 * * * * * * *  
< 1 * * * * * * *  
< 2 * * * * * * *  
< 3 * * * * * * *  
< 4 * * * * * * *  
< 5 R * * * * * *  
< 
---
>   0 1 2 3 4 5 6 
> 0 * * * * * * * 
> 1 * * * * * * * 
> 2 * * * * * * * 
> 3 * * * * * * * 
> 4 * * * * * * * 
> 5 R * * * * * * 
40,48c38,44
< 
<   0 1 2 3 4 5 6  
< 0 * * * * * * *  
< 1 * * * * * * *  
< 2 * * * * * * *  
< 3 * * * * * * *  
< 4 * * * * * * *  
< 5 R Y * * * * *  
< 
---
>   0 1 2 3 4 5 6 
> 0 * * * * * * * 
> 1 * * * * * * * 
> 2 * * * * * * * 
> 3 * * * * * * * 
> 4 * * * * * * * 
> 5 R Y * * * * * 
59,67c55,61
< 
<   0 1 2 3 4 5 6  
< 0 * * * * * * *  
< 1 * * * * * * *  
< 2 * * * * * * *  
< 3 * * * * * * *  
< 4 R * * * * * *  
< 5 R Y * * * * *  
< 
---
>   0 1 2 3 4 5 6 
> 0 * * * * * * * 
> 1 * * * * * * * 
> 2 * * * * * * * 
> 3 * * * * * * * 
> 4 R * * * * * * 
> 5 R Y * * * * * 
78,86c72,78
< 
<   0 1 2 3 4 5 6  
< 0 * * * * * * *  
< 1 * * * * * * *  
< 2 * * * * * * *  
< 3 * * * * * * *  
< 4 R Y * * * * *  
< 5 R Y * * * * *  
< 
---
>   0 1 2 3 4 5 6 
> 0 * * * * * * * 
> 1 * * * * * * * 
> 2 * * * * * * * 
> 3 * * * * * * * 
> 4 R Y * * * * * 
> 5 R Y * * * * * 
97,105c89,95
< 
<   0 1 2 3 4 5 6  
< 0 * * * * * * *  
< 1 * * * * * * *  
< 2 * * * * * * *  
< 3 R * * * * * *  
< 4 R Y * * * * *  
< 5 R Y * * * * *  
< 
---
>   0 1 2 3 4 5 6 
> 0 * * * * * * * 
> 1 * * * * * * * 
> 2 * * * * * * * 
> 3 R * * * * * * 
> 4 R Y * * * * * 
> 5 R Y * * * * * 
116,124c106,112
< 
<   0 1 2 3 4 5 6  
< 0 * * * * * * *  
< 1 * * * * * * *  
< 2 * * * * * * *  
< 3 R Y * * * * *  
< 4 R Y * * * * *  
< 5 R Y * * * * *  
< 
---
>   0 1 2 3 4 5 6 
> 0 * * * * * * * 
> 1 * * * * * * * 
> 2 * * * * * * * 
> 3 R Y * * * * * 
> 4 R Y * * * * * 
> 5 R Y * * * * * 
135,143c123,129
< 
<   0 1 2 3 4 5 6  
< 0 * * * * * * *  
< 1 * * * * * * *  
< 2 R * * * * * *  
< 3 R Y * * * * *  
< 4 R Y * * * * *  
< 5 R Y * * * * *  
< 
---
>   0 1 2 3 4 5 6 
> 0 * * * * * * * 
> 1 * * * * * * * 
> 2 R * * * * * * 
> 3 R Y * * * * * 
> 4 R Y * * * * * 
> 5 R Y * * * * * 
148c134
< Player 2's turn (You are Yellow):
---
> Player 1's turn (You are Red):
158,167c144,151
< 
<   0 1 2 3 4 5 6  
< 0 * * * * * * *  
< 1 * * * * * * *  
< 2 * * * * * * *  
< 3 * * * * * * *  
< 4 * * * * * * *  
< 5 Y * * * * * *  
< 
< Player 1's turn (You are Red):
---
>   0 1 2 3 4 5 6 
> 0 * * * * * * * 
> 1 * * * * * * * 
> 2 * * * * * * * 
> 3 * * * * * * * 
> 4 * * * * * * * 
> 5 R * * * * * * 
> Player 2's turn (You are Yellow):
177,186c161,168
< 
<   0 1 2 3 4 5 6  
< 0 * * * * * * *  
< 1 * * * * * * *  
< 2 * * * * * * *  
< 3 * * * * * * *  
< 4 R * * * * * *  
< 5 Y * * * * * *  
< 
< Player 2's turn (You are Yellow):
---
>   0 1 2 3 4 5 6 
> 0 * * * * * * * 
> 1 * * * * * * * 
> 2 * * * * * * * 
> 3 * * * * * * * 
> 4 Y * * * * * * 
> 5 R * * * * * * 
> Player 1's turn (You are Red):
196,205c178,185
< 
<   0 1 2 3 4 5 6  
< 0 * * * * * * *  
< 1 * * * * * * *  
< 2 * * * * * * *  
< 3 * * * * * * *  
< 4 R * * * * * *  
< 5 Y Y * * * * *  
< 
< Player 1's turn (You are Red):
---
>   0 1 2 3 4 5 6 
> 0 * * * * * * * 
> 1 * * * * * * * 
> 2 * * * * * * * 
> 3 * * * * * * * 
> 4 Y * * * * * * 
> 5 R R * * * * * 
> Player 2's turn (You are Yellow):
215,224c195,202
< 
<   0 1 2 3 4 5 6  
< 0 * * * * * * *  
< 1 * * * * * * *  
< 2 * * * * * * *  
< 3 R * * * * * *  
< 4 R * * * * * *  
< 5 Y Y * * * * *  
< 
< Player 2's turn (You are Yellow):
---
>   0 1 2 3 4 5 6 
> 0 * * * * * * * 
> 1 * * * * * * * 
> 2 * * * * * * * 
> 3 Y * * * * * * 
> 4 Y * * * * * * 
> 5 R R * * * * * 
> Player 1's turn (You are Red):
234,243c212,219
< 
<   0 1 2 3 4 5 6  
< 0 * * * * * * *  
< 1 * * * * * * *  
< 2 * * * * * * *  
< 3 R * * * * * *  
< 4 R Y * * * * *  
< 5 Y Y * * * * *  
< 
< Player 1's turn (You are Red):
---
>   0 1 2 3 4 5 6 
> 0 * * * * * * * 
> 1 * * * * * * * 
> 2 * * * * * * * 
> 3 Y * * * * * * 
> 4 Y R * * * * * 
> 5 R R * * * * * 
> Player 2's turn (You are Yellow):
253,262c229,236
< 
<   0 1 2 3 4 5 6  
< 0 * * * * * * *  
< 1 * * * * * * *  
< 2 R * * * * * *  
< 3 R * * * * * *  
< 4 R Y * * * * *  
< 5 Y Y * * * * *  
< 
< Player 2's turn (You are Yellow):
---
>   0 1 2 3 4 5 6 
> 0 * * * * * * * 
> 1 * * * * * * * 
> 2 Y * * * * * * 
> 3 Y * * * * * * 
> 4 Y R * * * * * 
> 5 R R * * * * * 
> Player 1's turn (You are Red):
272,281c246,253
< 
<   0 1 2 3 4 5 6  
< 0 * * * * * * *  
< 1 * * * * * * *  
< 2 R * * * * * *  
< 3 R Y * * * * *  
< 4 R Y * * * * *  
< 5 Y Y * * * * *  
< 
< Player 1's turn (You are Red):
---
>   0 1 2 3 4 5 6 
> 0 * * * * * * * 
> 1 * * * * * * * 
> 2 Y * * * * * * 
> 3 Y R * * * * * 
> 4 Y R * * * * * 
> 5 R R * * * * * 
> Player 2's turn (You are Yellow):
291,300c263,270
< 
<   0 1 2 3 4 5 6  
< 0 * * * * * * *  
< 1 R * * * * * *  
< 2 R * * * * * *  
< 3 R Y * * * * *  
< 4 R Y * * * * *  
< 5 Y Y * * * * *  
< 
< Player 1 wins!
---
>   0 1 2 3 4 5 6 
> 0 * * * * * * * 
> 1 Y * * * * * * 
> 2 Y * * * * * * 
> 3 Y R * * * * * 
> 4 Y R * * * * * 
> 5 R R * * * * * 
> Player 2 wins!
