21,29c21,27
< 
<   0 1 2 3 4 5 6  
< 0 * * * * * * *  
< 1 * * * * * * *  
< 2 * * * * * * *  
< 3 * * * * * * *  
< 4 * * * * * * *  
< 5 R * * * * * *  
< 
---
>   0 1 2 3 4 5 6 
> 0 * * * * * * * 
> 1 * * * * * * * 
> 2 * * * * * * * 
> 3 * * * * * * * 
> 4 * * * * * * * 
> 5 R * * * * * * 
40,48c38,44
< 
<   0 1 2 3 4 5 6  
< 0 * * * * * * *  
< 1 * * * * * * *  
< 2 * * * * * * *  
< 3 * * * * * * *  
< 4 * * * * * * *  
< 5 R Y * * * * *  
< 
---
>   0 1 2 3 4 5 6 
> 0 * * * * * * * 
> 1 * * * * * * * 
> 2 * * * * * * * 
> 3 * * * * * * * 
> 4 * * * * * * * 
> 5 R Y * * * * * 
59,67c55,61
< 
<   0 1 2 3 4 5 6  
< 0 * * * * * * *  
< 1 * * * * * * *  
< 2 * * * * * * *  
< 3 * * * * * * *  
< 4 * * * * * * *  
< 5 R Y R * * * *  
< 
---
>   0 1 2 3 4 5 6 
> 0 * * * * * * * 
> 1 * * * * * * * 
> 2 * * * * * * * 
> 3 * * * * * * * 
> 4 * * * * * * * 
> 5 R Y R * * * * 
78,86c72,78
< 
<   0 1 2 3 4 5 6  
< 0 * * * * * * *  
< 1 * * * * * * *  
< 2 * * * * * * *  
< 3 * * * * * * *  
< 4 * * * * * * *  
< 5 R Y R Y * * *  
< 
---
>   0 1 2 3 4 5 6 
> 0 * * * * * * * 
> 1 * * * * * * * 
> 2 * * * * * * * 
> 3 * * * * * * * 
> 4 * * * * * * * 
> 5 R Y R Y * * * 
97,105c89,95
< 
<   0 1 2 3 4 5 6  
< 0 * * * * * * *  
< 1 * * * * * * *  
< 2 * * * * * * *  
< 3 * * * * * * *  
< 4 * * * * * * *  
< 5 R Y R Y R * *  
< 
---
>   0 1 2 3 4 5 6 
> 0 * * * * * * * 
> 1 * * * * * * * 
> 2 * * * * * * * 
> 3 * * * * * * * 
> 4 * * * * * * * 
> 5 R Y R Y R * * 
116,124c106,112
< 
<   0 1 2 3 4 5 6  
< 0 * * * * * * *  
< 1 * * * * * * *  
< 2 * * * * * * *  
< 3 * * * * * * *  
< 4 * * * * * * *  
< 5 R Y R Y R Y *  
< 
---
>   0 1 2 3 4 5 6 
> 0 * * * * * * * 
> 1 * * * * * * * 
> 2 * * * * * * * 
> 3 * * * * * * * 
> 4 * * * * * * * 
> 5 R Y R Y R Y * 
135,143c123,129
< 
<   0 1 2 3 4 5 6  
< 0 * * * * * * *  
< 1 * * * * * * *  
< 2 * * * * * * *  
< 3 * * * * * * *  
< 4 * * * * * * *  
< 5 R Y R Y R Y R  
< 
---
>   0 1 2 3 4 5 6 
> 0 * * * * * * * 
> 1 * * * * * * * 
> 2 * * * * * * * 
> 3 * * * * * * * 
> 4 * * * * * * * 
> 5 R Y R Y R Y R 
154,162c140,146
< 
<   0 1 2 3 4 5 6  
< 0 * * * * * * *  
< 1 * * * * * * *  
< 2 * * * * * * *  
< 3 * * * * * * *  
< 4 Y * * * * * *  
< 5 R Y R Y R Y R  
< 
---
>   0 1 2 3 4 5 6 
> 0 * * * * * * * 
> 1 * * * * * * * 
> 2 * * * * * * * 
> 3 * * * * * * * 
> 4 Y * * * * * * 
> 5 R Y R Y R Y R 
173,181c157,163
< 
<   0 1 2 3 4 5 6  
< 0 * * * * * * *  
< 1 * * * * * * *  
< 2 * * * * * * *  
< 3 * * * * * * *  
< 4 Y R * * * * *  
< 5 R Y R Y R Y R  
< 
---
>   0 1 2 3 4 5 6 
> 0 * * * * * * * 
> 1 * * * * * * * 
> 2 * * * * * * * 
> 3 * * * * * * * 
> 4 Y R * * * * * 
> 5 R Y R Y R Y R 
192,200c174,180
< 
<   0 1 2 3 4 5 6  
< 0 * * * * * * *  
< 1 * * * * * * *  
< 2 * * * * * * *  
< 3 * * * * * * *  
< 4 Y R Y * * * *  
< 5 R Y R Y R Y R  
< 
---
>   0 1 2 3 4 5 6 
> 0 * * * * * * * 
> 1 * * * * * * * 
> 2 * * * * * * * 
> 3 * * * * * * * 
> 4 Y R Y * * * * 
> 5 R Y R Y R Y R 
211,219c191,197
< 
<   0 1 2 3 4 5 6  
< 0 * * * * * * *  
< 1 * * * * * * *  
< 2 * * * * * * *  
< 3 * * * * * * *  
< 4 Y R Y R * * *  
< 5 R Y R Y R Y R  
< 
---
>   0 1 2 3 4 5 6 
> 0 * * * * * * * 
> 1 * * * * * * * 
> 2 * * * * * * * 
> 3 * * * * * * * 
> 4 Y R Y R * * * 
> 5 R Y R Y R Y R 
230,238c208,214
< 
<   0 1 2 3 4 5 6  
< 0 * * * * * * *  
< 1 * * * * * * *  
< 2 * * * * * * *  
< 3 * * * * * * *  
< 4 Y R Y R Y * *  
< 5 R Y R Y R Y R  
< 
---
>   0 1 2 3 4 5 6 
> 0 * * * * * * * 
> 1 * * * * * * * 
> 2 * * * * * * * 
> 3 * * * * * * * 
> 4 Y R Y R Y * * 
> 5 R Y R Y R Y R 
249,257c225,231
< 
<   0 1 2 3 4 5 6  
< 0 * * * * * * *  
< 1 * * * * * * *  
< 2 * * * * * * *  
< 3 * * * * * * *  
< 4 Y R Y R Y R *  
< 5 R Y R Y R Y R  
< 
---
>   0 1 2 3 4 5 6 
> 0 * * * * * * * 
> 1 * * * * * * * 
> 2 * * * * * * * 
> 3 * * * * * * * 
> 4 Y R Y R Y R * 
> 5 R Y R Y R Y R 
268,276c242,248
< 
<   0 1 2 3 4 5 6  
< 0 * * * * * * *  
< 1 * * * * * * *  
< 2 * * * * * * *  
< 3 * * * * * * *  
< 4 Y R Y R Y R Y  
< 5 R Y R Y R Y R  
< 
---
>   0 1 2 3 4 5 6 
> 0 * * * * * * * 
> 1 * * * * * * * 
> 2 * * * * * * * 
> 3 * * * * * * * 
> 4 Y R Y R Y R Y 
> 5 R Y R Y R Y R 
287,295c259,265
< 
<   0 1 2 3 4 5 6  
< 0 * * * * * * *  
< 1 * * * * * * *  
< 2 * * * * * * *  
< 3 R * * * * * *  
< 4 Y R Y R Y R Y  
< 5 R Y R Y R Y R  
< 
---
>   0 1 2 3 4 5 6 
> 0 * * * * * * * 
> 1 * * * * * * * 
> 2 * * * * * * * 
> 3 R * * * * * * 
> 4 Y R Y R Y R Y 
> 5 R Y R Y R Y R 
306,314c276,282
< 
<   0 1 2 3 4 5 6  
< 0 * * * * * * *  
< 1 * * * * * * *  
< 2 * * * * * * *  
< 3 R Y * * * * *  
< 4 Y R Y R Y R Y  
< 5 R Y R Y R Y R  
< 
---
>   0 1 2 3 4 5 6 
> 0 * * * * * * * 
> 1 * * * * * * * 
> 2 * * * * * * * 
> 3 R Y * * * * * 
> 4 Y R Y R Y R Y 
> 5 R Y R Y R Y R 
325,333c293,299
< 
<   0 1 2 3 4 5 6  
< 0 * * * * * * *  
< 1 * * * * * * *  
< 2 * * * * * * *  
< 3 R Y R * * * *  
< 4 Y R Y R Y R Y  
< 5 R Y R Y R Y R  
< 
---
>   0 1 2 3 4 5 6 
> 0 * * * * * * * 
> 1 * * * * * * * 
> 2 * * * * * * * 
> 3 R Y R * * * * 
> 4 Y R Y R Y R Y 
> 5 R Y R Y R Y R 
344,352c310,316
< 
<   0 1 2 3 4 5 6  
< 0 * * * * * * *  
< 1 * * * * * * *  
< 2 * * * * * * *  
< 3 R Y R Y * * *  
< 4 Y R Y R Y R Y  
< 5 R Y R Y R Y R  
< 
---
>   0 1 2 3 4 5 6 
> 0 * * * * * * * 
> 1 * * * * * * * 
> 2 * * * * * * * 
> 3 R Y R Y * * * 
> 4 Y R Y R Y R Y 
> 5 R Y R Y R Y R 
363,371c327,333
< 
<   0 1 2 3 4 5 6  
< 0 * * * * * * *  
< 1 * * * * * * *  
< 2 * * * * * * *  
< 3 R Y R Y R * *  
< 4 Y R Y R Y R Y  
< 5 R Y R Y R Y R  
< 
---
>   0 1 2 3 4 5 6 
> 0 * * * * * * * 
> 1 * * * * * * * 
> 2 * * * * * * * 
> 3 R Y R Y R * * 
> 4 Y R Y R Y R Y 
> 5 R Y R Y R Y R 
382,390c344,350
< 
<   0 1 2 3 4 5 6  
< 0 * * * * * * *  
< 1 * * * * * * *  
< 2 * * * * * * *  
< 3 R Y R Y R Y *  
< 4 Y R Y R Y R Y  
< 5 R Y R Y R Y R  
< 
---
>   0 1 2 3 4 5 6 
> 0 * * * * * * * 
> 1 * * * * * * * 
> 2 * * * * * * * 
> 3 R Y R Y R Y * 
> 4 Y R Y R Y R Y 
> 5 R Y R Y R Y R 
401,409c361,367
< 
<   0 1 2 3 4 5 6  
< 0 * * * * * * *  
< 1 * * * * * * *  
< 2 * * * * * * *  
< 3 R Y R Y R Y R  
< 4 Y R Y R Y R Y  
< 5 R Y R Y R Y R  
< 
---
>   0 1 2 3 4 5 6 
> 0 * * * * * * * 
> 1 * * * * * * * 
> 2 * * * * * * * 
> 3 R Y R Y R Y R 
> 4 Y R Y R Y R Y 
> 5 R Y R Y R Y R 
420,428c378,384
< 
<   0 1 2 3 4 5 6  
< 0 * * * * * * *  
< 1 * * * * * * *  
< 2 * * * * * Y *  
< 3 R Y R Y R Y R  
< 4 Y R Y R Y R Y  
< 5 R Y R Y R Y R  
< 
---
>   0 1 2 3 4 5 6 
> 0 * * * * * * * 
> 1 * * * * * * * 
> 2 * * * * * Y * 
> 3 R Y R Y R Y R 
> 4 Y R Y R Y R Y 
> 5 R Y R Y R Y R 
439,447c395,401
< 
<   0 1 2 3 4 5 6  
< 0 * * * * * * *  
< 1 * * * * * * *  
< 2 * * * * * Y R  
< 3 R Y R Y R Y R  
< 4 Y R Y R Y R Y  
< 5 R Y R Y R Y R  
< 
---
>   0 1 2 3 4 5 6 
> 0 * * * * * * * 
> 1 * * * * * * * 
> 2 * * * * * Y R 
> 3 R Y R Y R Y R 
> 4 Y R Y R Y R Y 
> 5 R Y R Y R Y R 
458,466c412,418
< 
<   0 1 2 3 4 5 6  
< 0 * * * * * * *  
< 1 * * * * * * *  
< 2 * * * Y * Y R  
< 3 R Y R Y R Y R  
< 4 Y R Y R Y R Y  
< 5 R Y R Y R Y R  
< 
---
>   0 1 2 3 4 5 6 
> 0 * * * * * * * 
> 1 * * * * * * * 
> 2 * * * Y * Y R 
> 3 R Y R Y R Y R 
> 4 Y R Y R Y R Y 
> 5 R Y R Y R Y R 
477,485c429,435
< 
<   0 1 2 3 4 5 6  
< 0 * * * * * * *  
< 1 * * * * * * *  
< 2 * * * Y R Y R  
< 3 R Y R Y R Y R  
< 4 Y R Y R Y R Y  
< 5 R Y R Y R Y R  
< 
---
>   0 1 2 3 4 5 6 
> 0 * * * * * * * 
> 1 * * * * * * * 
> 2 * * * Y R Y R 
> 3 R Y R Y R Y R 
> 4 Y R Y R Y R Y 
> 5 R Y R Y R Y R 
496,504c446,452
< 
<   0 1 2 3 4 5 6  
< 0 * * * * * * *  
< 1 * * * * * * *  
< 2 * Y * Y R Y R  
< 3 R Y R Y R Y R  
< 4 Y R Y R Y R Y  
< 5 R Y R Y R Y R  
< 
---
>   0 1 2 3 4 5 6 
> 0 * * * * * * * 
> 1 * * * * * * * 
> 2 * Y * Y R Y R 
> 3 R Y R Y R Y R 
> 4 Y R Y R Y R Y 
> 5 R Y R Y R Y R 
515,523c463,469
< 
<   0 1 2 3 4 5 6  
< 0 * * * * * * *  
< 1 * * * * * * *  
< 2 * Y R Y R Y R  
< 3 R Y R Y R Y R  
< 4 Y R Y R Y R Y  
< 5 R Y R Y R Y R  
< 
---
>   0 1 2 3 4 5 6 
> 0 * * * * * * * 
> 1 * * * * * * * 
> 2 * Y R Y R Y R 
> 3 R Y R Y R Y R 
> 4 Y R Y R Y R Y 
> 5 R Y R Y R Y R 
534,542c480,486
< 
<   0 1 2 3 4 5 6  
< 0 * * * * * * *  
< 1 * * * * * * Y  
< 2 * Y R Y R Y R  
< 3 R Y R Y R Y R  
< 4 Y R Y R Y R Y  
< 5 R Y R Y R Y R  
< 
---
>   0 1 2 3 4 5 6 
> 0 * * * * * * * 
> 1 * * * * * * Y 
> 2 * Y R Y R Y R 
> 3 R Y R Y R Y R 
> 4 Y R Y R Y R Y 
> 5 R Y R Y R Y R 
553,561c497,503
< 
<   0 1 2 3 4 5 6  
< 0 * * * * * * *  
< 1 * * * * * R Y  
< 2 * Y R Y R Y R  
< 3 R Y R Y R Y R  
< 4 Y R Y R Y R Y  
< 5 R Y R Y R Y R  
< 
---
>   0 1 2 3 4 5 6 
> 0 * * * * * * * 
> 1 * * * * * R Y 
> 2 * Y R Y R Y R 
> 3 R Y R Y R Y R 
> 4 Y R Y R Y R Y 
> 5 R Y R Y R Y R 
572,580c514,520
< 
<   0 1 2 3 4 5 6  
< 0 * * * * * * *  
< 1 * * * * Y R Y  
< 2 * Y R Y R Y R  
< 3 R Y R Y R Y R  
< 4 Y R Y R Y R Y  
< 5 R Y R Y R Y R  
< 
---
>   0 1 2 3 4 5 6 
> 0 * * * * * * * 
> 1 * * * * Y R Y 
> 2 * Y R Y R Y R 
> 3 R Y R Y R Y R 
> 4 Y R Y R Y R Y 
> 5 R Y R Y R Y R 
591,599c531,537
< 
<   0 1 2 3 4 5 6  
< 0 * * * * * * *  
< 1 * * * R Y R Y  
< 2 * Y R Y R Y R  
< 3 R Y R Y R Y R  
< 4 Y R Y R Y R Y  
< 5 R Y R Y R Y R  
< 
---
>   0 1 2 3 4 5 6 
> 0 * * * * * * * 
> 1 * * * R Y R Y 
> 2 * Y R Y R Y R 
> 3 R Y R Y R Y R 
> 4 Y R Y R Y R Y 
> 5 R Y R Y R Y R 
610,618c548,554
< 
<   0 1 2 3 4 5 6  
< 0 * * * * * * *  
< 1 * * Y R Y R Y  
< 2 * Y R Y R Y R  
< 3 R Y R Y R Y R  
< 4 Y R Y R Y R Y  
< 5 R Y R Y R Y R  
< 
---
>   0 1 2 3 4 5 6 
> 0 * * * * * * * 
> 1 * * Y R Y R Y 
> 2 * Y R Y R Y R 
> 3 R Y R Y R Y R 
> 4 Y R Y R Y R Y 
> 5 R Y R Y R Y R 
629,637c565,571
< 
<   0 1 2 3 4 5 6  
< 0 * * * * * * *  
< 1 * R Y R Y R Y  
< 2 * Y R Y R Y R  
< 3 R Y R Y R Y R  
< 4 Y R Y R Y R Y  
< 5 R Y R Y R Y R  
< 
---
>   0 1 2 3 4 5 6 
> 0 * * * * * * * 
> 1 * R Y R Y R Y 
> 2 * Y R Y R Y R 
> 3 R Y R Y R Y R 
> 4 Y R Y R Y R Y 
> 5 R Y R Y R Y R 
648,656c582,588
< 
<   0 1 2 3 4 5 6  
< 0 * * * * * * Y  
< 1 * R Y R Y R Y  
< 2 * Y R Y R Y R  
< 3 R Y R Y R Y R  
< 4 Y R Y R Y R Y  
< 5 R Y R Y R Y R  
< 
---
>   0 1 2 3 4 5 6 
> 0 * * * * * * Y 
> 1 * R Y R Y R Y 
> 2 * Y R Y R Y R 
> 3 R Y R Y R Y R 
> 4 Y R Y R Y R Y 
> 5 R Y R Y R Y R 
667,675c599,605
< 
<   0 1 2 3 4 5 6  
< 0 * * * * * * Y  
< 1 * R Y R Y R Y  
< 2 R Y R Y R Y R  
< 3 R Y R Y R Y R  
< 4 Y R Y R Y R Y  
< 5 R Y R Y R Y R  
< 
---
>   0 1 2 3 4 5 6 
> 0 * * * * * * Y 
> 1 * R Y R Y R Y 
> 2 R Y R Y R Y R 
> 3 R Y R Y R Y R 
> 4 Y R Y R Y R Y 
> 5 R Y R Y R Y R 
686,694c616,622
< 
<   0 1 2 3 4 5 6  
< 0 * * * * * * Y  
< 1 Y R Y R Y R Y  
< 2 R Y R Y R Y R  
< 3 R Y R Y R Y R  
< 4 Y R Y R Y R Y  
< 5 R Y R Y R Y R  
< 
---
>   0 1 2 3 4 5 6 
> 0 * * * * * * Y 
> 1 Y R Y R Y R Y 
> 2 R Y R Y R Y R 
> 3 R Y R Y R Y R 
> 4 Y R Y R Y R Y 
> 5 R Y R Y R Y R 
705,713c633,639
< 
<   0 1 2 3 4 5 6  
< 0 R * * * * * Y  
< 1 Y R Y R Y R Y  
< 2 R Y R Y R Y R  
< 3 R Y R Y R Y R  
< 4 Y R Y R Y R Y  
< 5 R Y R Y R Y R  
< 
---
>   0 1 2 3 4 5 6 
> 0 R * * * * * Y 
> 1 Y R Y R Y R Y 
> 2 R Y R Y R Y R 
> 3 R Y R Y R Y R 
> 4 Y R Y R Y R Y 
> 5 R Y R Y R Y R 
724,732c650,656
< 
<   0 1 2 3 4 5 6  
< 0 R Y * * * * Y  
< 1 Y R Y R Y R Y  
< 2 R Y R Y R Y R  
< 3 R Y R Y R Y R  
< 4 Y R Y R Y R Y  
< 5 R Y R Y R Y R  
< 
---
>   0 1 2 3 4 5 6 
> 0 R Y * * * * Y 
> 1 Y R Y R Y R Y 
> 2 R Y R Y R Y R 
> 3 R Y R Y R Y R 
> 4 Y R Y R Y R Y 
> 5 R Y R Y R Y R 
743,751c667,673
< 
<   0 1 2 3 4 5 6  
< 0 R Y R * * * Y  
< 1 Y R Y R Y R Y  
< 2 R Y R Y R Y R  
< 3 R Y R Y R Y R  
< 4 Y R Y R Y R Y  
< 5 R Y R Y R Y R  
< 
---
>   0 1 2 3 4 5 6 
> 0 R Y R * * * Y 
> 1 Y R Y R Y R Y 
> 2 R Y R Y R Y R 
> 3 R Y R Y R Y R 
> 4 Y R Y R Y R Y 
> 5 R Y R Y R Y R 
762,770c684,690
< 
<   0 1 2 3 4 5 6  
< 0 R Y R Y * * Y  
< 1 Y R Y R Y R Y  
< 2 R Y R Y R Y R  
< 3 R Y R Y R Y R  
< 4 Y R Y R Y R Y  
< 5 R Y R Y R Y R  
< 
---
>   0 1 2 3 4 5 6 
> 0 R Y R Y * * Y 
> 1 Y R Y R Y R Y 
> 2 R Y R Y R Y R 
> 3 R Y R Y R Y R 
> 4 Y R Y R Y R Y 
> 5 R Y R Y R Y R 
781,789c701,707
< 
<   0 1 2 3 4 5 6  
< 0 R Y R Y R * Y  
< 1 Y R Y R Y R Y  
< 2 R Y R Y R Y R  
< 3 R Y R Y R Y R  
< 4 Y R Y R Y R Y  
< 5 R Y R Y R Y R  
< 
---
>   0 1 2 3 4 5 6 
> 0 R Y R Y R * Y 
> 1 Y R Y R Y R Y 
> 2 R Y R Y R Y R 
> 3 R Y R Y R Y R 
> 4 Y R Y R Y R Y 
> 5 R Y R Y R Y R 
800,808c718,724
< 
<   0 1 2 3 4 5 6  
< 0 R Y R Y R Y Y  
< 1 Y R Y R Y R Y  
< 2 R Y R Y R Y R  
< 3 R Y R Y R Y R  
< 4 Y R Y R Y R Y  
< 5 R Y R Y R Y R  
< 
---
>   0 1 2 3 4 5 6 
> 0 R Y R Y R Y Y 
> 1 Y R Y R Y R Y 
> 2 R Y R Y R Y R 
> 3 R Y R Y R Y R 
> 4 Y R Y R Y R Y 
> 5 R Y R Y R Y R 
813c729
< Player 2's turn (You are Yellow):
---
> Player 1's turn (You are Red):
823,832c739,746
< 
<   0 1 2 3 4 5 6  
< 0 * * * * * * *  
< 1 * * * * * * *  
< 2 * * * * * * *  
< 3 * * * * * * *  
< 4 * * * * * * *  
< 5 Y * * * * * *  
< 
< Player 1's turn (You are Red):
---
>   0 1 2 3 4 5 6 
> 0 * * * * * * * 
> 1 * * * * * * * 
> 2 * * * * * * * 
> 3 * * * * * * * 
> 4 * * * * * * * 
> 5 R * * * * * * 
> Player 2's turn (You are Yellow):
